<?xml version="1.0" encoding="UTF-8"?>
<testsuite xmlns:xsi="http://www.w3.org/2001/XMLSchema-instance" xsi:noNamespaceSchemaLocation="https://maven.apache.org/surefire/maven-surefire-plugin/xsd/surefire-test-report.xsd" version="3.0.2" name="com.example.job_platform.JobPlatformApplicationTests" time="1.484" tests="1" errors="0" skipped="0" failures="0">
  <properties>
    <property name="java.specification.version" value="24"/>
    <property name="sun.jnu.encoding" value="UTF-8"/>
    <property name="java.class.path" value="/Users/varundandamudi/vs/gdg/mngdb/job-platform/target/test-classes:/Users/varundandamudi/vs/gdg/mngdb/job-platform/target/classes:/Users/varundandamudi/.m2/repository/org/springframework/boot/spring-boot-starter-data-mongodb/3.5.3/spring-boot-starter-data-mongodb-3.5.3.jar:/Users/varundandamudi/.m2/repository/org/springframework/boot/spring-boot-starter/3.5.3/spring-boot-starter-3.5.3.jar:/Users/varundandamudi/.m2/repository/org/springframework/boot/spring-boot/3.5.3/spring-boot-3.5.3.jar:/Users/varundandamudi/.m2/repository/org/springframework/boot/spring-boot-autoconfigure/3.5.3/spring-boot-autoconfigure-3.5.3.jar:/Users/varundandamudi/.m2/repository/org/springframework/boot/spring-boot-starter-logging/3.5.3/spring-boot-starter-logging-3.5.3.jar:/Users/varundandamudi/.m2/repository/ch/qos/logback/logback-classic/1.5.18/logback-classic-1.5.18.jar:/Users/varundandamudi/.m2/repository/ch/qos/logback/logback-core/1.5.18/logback-core-1.5.18.jar:/Users/varundandamudi/.m2/repository/org/apache/logging/log4j/log4j-to-slf4j/2.24.3/log4j-to-slf4j-2.24.3.jar:/Users/varundandamudi/.m2/repository/org/apache/logging/log4j/log4j-api/2.24.3/log4j-api-2.24.3.jar:/Users/varundandamudi/.m2/repository/org/slf4j/jul-to-slf4j/2.0.17/jul-to-slf4j-2.0.17.jar:/Users/varundandamudi/.m2/repository/jakarta/annotation/jakarta.annotation-api/2.1.1/jakarta.annotation-api-2.1.1.jar:/Users/varundandamudi/.m2/repository/org/yaml/snakeyaml/2.4/snakeyaml-2.4.jar:/Users/varundandamudi/.m2/repository/org/mongodb/mongodb-driver-sync/5.5.1/mongodb-driver-sync-5.5.1.jar:/Users/varundandamudi/.m2/repository/org/mongodb/bson/5.5.1/bson-5.5.1.jar:/Users/varundandamudi/.m2/repository/org/mongodb/mongodb-driver-core/5.5.1/mongodb-driver-core-5.5.1.jar:/Users/varundandamudi/.m2/repository/org/mongodb/bson-record-codec/5.5.1/bson-record-codec-5.5.1.jar:/Users/varundandamudi/.m2/repository/org/springframework/data/spring-data-mongodb/4.5.1/spring-data-mongodb-4.5.1.jar:/Users/varundandamudi/.m2/repository/org/springframework/spring-tx/6.2.8/spring-tx-6.2.8.jar:/Users/varundandamudi/.m2/repository/org/springframework/spring-context/6.2.8/spring-context-6.2.8.jar:/Users/varundandamudi/.m2/repository/org/springframework/spring-beans/6.2.8/spring-beans-6.2.8.jar:/Users/varundandamudi/.m2/repository/org/springframework/spring-expression/6.2.8/spring-expression-6.2.8.jar:/Users/varundandamudi/.m2/repository/org/springframework/data/spring-data-commons/3.5.1/spring-data-commons-3.5.1.jar:/Users/varundandamudi/.m2/repository/org/slf4j/slf4j-api/2.0.17/slf4j-api-2.0.17.jar:/Users/varundandamudi/.m2/repository/org/springframework/boot/spring-boot-starter-web/3.5.3/spring-boot-starter-web-3.5.3.jar:/Users/varundandamudi/.m2/repository/org/springframework/boot/spring-boot-starter-json/3.5.3/spring-boot-starter-json-3.5.3.jar:/Users/varundandamudi/.m2/repository/com/fasterxml/jackson/datatype/jackson-datatype-jdk8/2.19.1/jackson-datatype-jdk8-2.19.1.jar:/Users/varundandamudi/.m2/repository/com/fasterxml/jackson/datatype/jackson-datatype-jsr310/2.19.1/jackson-datatype-jsr310-2.19.1.jar:/Users/varundandamudi/.m2/repository/com/fasterxml/jackson/module/jackson-module-parameter-names/2.19.1/jackson-module-parameter-names-2.19.1.jar:/Users/varundandamudi/.m2/repository/org/springframework/boot/spring-boot-starter-tomcat/3.5.3/spring-boot-starter-tomcat-3.5.3.jar:/Users/varundandamudi/.m2/repository/org/apache/tomcat/embed/tomcat-embed-core/10.1.42/tomcat-embed-core-10.1.42.jar:/Users/varundandamudi/.m2/repository/org/apache/tomcat/embed/tomcat-embed-el/10.1.42/tomcat-embed-el-10.1.42.jar:/Users/varundandamudi/.m2/repository/org/apache/tomcat/embed/tomcat-embed-websocket/10.1.42/tomcat-embed-websocket-10.1.42.jar:/Users/varundandamudi/.m2/repository/org/springframework/spring-web/6.2.8/spring-web-6.2.8.jar:/Users/varundandamudi/.m2/repository/io/micrometer/micrometer-observation/1.15.1/micrometer-observation-1.15.1.jar:/Users/varundandamudi/.m2/repository/io/micrometer/micrometer-commons/1.15.1/micrometer-commons-1.15.1.jar:/Users/varundandamudi/.m2/repository/org/springframework/spring-webmvc/6.2.8/spring-webmvc-6.2.8.jar:/Users/varundandamudi/.m2/repository/org/springframework/boot/spring-boot-starter-security/3.5.3/spring-boot-starter-security-3.5.3.jar:/Users/varundandamudi/.m2/repository/org/springframework/spring-aop/6.2.8/spring-aop-6.2.8.jar:/Users/varundandamudi/.m2/repository/org/springframework/security/spring-security-config/6.5.1/spring-security-config-6.5.1.jar:/Users/varundandamudi/.m2/repository/org/springframework/security/spring-security-core/6.5.1/spring-security-core-6.5.1.jar:/Users/varundandamudi/.m2/repository/org/springframework/security/spring-security-crypto/6.5.1/spring-security-crypto-6.5.1.jar:/Users/varundandamudi/.m2/repository/org/springframework/security/spring-security-web/6.5.1/spring-security-web-6.5.1.jar:/Users/varundandamudi/.m2/repository/org/projectlombok/lombok/1.18.38/lombok-1.18.38.jar:/Users/varundandamudi/.m2/repository/org/springframework/boot/spring-boot-starter-test/3.5.3/spring-boot-starter-test-3.5.3.jar:/Users/varundandamudi/.m2/repository/org/springframework/boot/spring-boot-test/3.5.3/spring-boot-test-3.5.3.jar:/Users/varundandamudi/.m2/repository/org/springframework/boot/spring-boot-test-autoconfigure/3.5.3/spring-boot-test-autoconfigure-3.5.3.jar:/Users/varundandamudi/.m2/repository/com/jayway/jsonpath/json-path/2.9.0/json-path-2.9.0.jar:/Users/varundandamudi/.m2/repository/jakarta/xml/bind/jakarta.xml.bind-api/4.0.2/jakarta.xml.bind-api-4.0.2.jar:/Users/varundandamudi/.m2/repository/jakarta/activation/jakarta.activation-api/2.1.3/jakarta.activation-api-2.1.3.jar:/Users/varundandamudi/.m2/repository/net/minidev/json-smart/2.5.2/json-smart-2.5.2.jar:/Users/varundandamudi/.m2/repository/net/minidev/accessors-smart/2.5.2/accessors-smart-2.5.2.jar:/Users/varundandamudi/.m2/repository/org/ow2/asm/asm/9.7.1/asm-9.7.1.jar:/Users/varundandamudi/.m2/repository/org/assertj/assertj-core/3.27.3/assertj-core-3.27.3.jar:/Users/varundandamudi/.m2/repository/net/bytebuddy/byte-buddy/1.17.6/byte-buddy-1.17.6.jar:/Users/varundandamudi/.m2/repository/org/awaitility/awaitility/4.2.2/awaitility-4.2.2.jar:/Users/varundandamudi/.m2/repository/org/hamcrest/hamcrest/3.0/hamcrest-3.0.jar:/Users/varundandamudi/.m2/repository/org/junit/jupiter/junit-jupiter/5.12.2/junit-jupiter-5.12.2.jar:/Users/varundandamudi/.m2/repository/org/junit/jupiter/junit-jupiter-api/5.12.2/junit-jupiter-api-5.12.2.jar:/Users/varundandamudi/.m2/repository/org/opentest4j/opentest4j/1.3.0/opentest4j-1.3.0.jar:/Users/varundandamudi/.m2/repository/org/junit/platform/junit-platform-commons/1.12.2/junit-platform-commons-1.12.2.jar:/Users/varundandamudi/.m2/repository/org/apiguardian/apiguardian-api/1.1.2/apiguardian-api-1.1.2.jar:/Users/varundandamudi/.m2/repository/org/junit/jupiter/junit-jupiter-params/5.12.2/junit-jupiter-params-5.12.2.jar:/Users/varundandamudi/.m2/repository/org/junit/jupiter/junit-jupiter-engine/5.12.2/junit-jupiter-engine-5.12.2.jar:/Users/varundandamudi/.m2/repository/org/junit/platform/junit-platform-engine/1.12.2/junit-platform-engine-1.12.2.jar:/Users/varundandamudi/.m2/repository/org/mockito/mockito-core/5.17.0/mockito-core-5.17.0.jar:/Users/varundandamudi/.m2/repository/net/bytebuddy/byte-buddy-agent/1.17.6/byte-buddy-agent-1.17.6.jar:/Users/varundandamudi/.m2/repository/org/objenesis/objenesis/3.3/objenesis-3.3.jar:/Users/varundandamudi/.m2/repository/org/mockito/mockito-junit-jupiter/5.17.0/mockito-junit-jupiter-5.17.0.jar:/Users/varundandamudi/.m2/repository/org/skyscreamer/jsonassert/1.5.3/jsonassert-1.5.3.jar:/Users/varundandamudi/.m2/repository/com/vaadin/external/google/android-json/0.0.20131108.vaadin1/android-json-0.0.20131108.vaadin1.jar:/Users/varundandamudi/.m2/repository/org/springframework/spring-core/6.2.8/spring-core-6.2.8.jar:/Users/varundandamudi/.m2/repository/org/springframework/spring-jcl/6.2.8/spring-jcl-6.2.8.jar:/Users/varundandamudi/.m2/repository/org/springframework/spring-test/6.2.8/spring-test-6.2.8.jar:/Users/varundandamudi/.m2/repository/org/xmlunit/xmlunit-core/2.10.2/xmlunit-core-2.10.2.jar:/Users/varundandamudi/.m2/repository/io/jsonwebtoken/jjwt-api/0.11.5/jjwt-api-0.11.5.jar:/Users/varundandamudi/.m2/repository/io/jsonwebtoken/jjwt-impl/0.11.5/jjwt-impl-0.11.5.jar:/Users/varundandamudi/.m2/repository/io/jsonwebtoken/jjwt-jackson/0.11.5/jjwt-jackson-0.11.5.jar:/Users/varundandamudi/.m2/repository/com/fasterxml/jackson/core/jackson-databind/2.19.1/jackson-databind-2.19.1.jar:/Users/varundandamudi/.m2/repository/com/fasterxml/jackson/core/jackson-annotations/2.19.1/jackson-annotations-2.19.1.jar:/Users/varundandamudi/.m2/repository/com/fasterxml/jackson/core/jackson-core/2.19.1/jackson-core-2.19.1.jar:"/>
    <property name="java.vm.vendor" value="Oracle Corporation"/>
    <property name="sun.arch.data.model" value="64"/>
    <property name="java.vendor.url" value="https://java.oracle.com/"/>
    <property name="user.timezone" value="Asia/Kolkata"/>
    <property name="os.name" value="Mac OS X"/>
    <property name="java.vm.specification.version" value="24"/>
    <property name="APPLICATION_NAME" value="job-platform"/>
    <property name="sun.java.launcher" value="SUN_STANDARD"/>
    <property name="user.country" value="IN"/>
    <property name="sun.boot.library.path" value="/Library/Java/JavaVirtualMachines/jdk-24.jdk/Contents/Home/lib"/>
    <property name="sun.java.command" value="/Users/varundandamudi/vs/gdg/mngdb/job-platform/target/surefire/surefirebooter-20250628123124268_3.jar /Users/varundandamudi/vs/gdg/mngdb/job-platform/target/surefire 2025-06-28T12-31-24_230-jvmRun1 surefire-20250628123124268_1tmp surefire_0-20250628123124268_2tmp"/>
    <property name="http.nonProxyHosts" value="local|*.local|169.254/16|*.169.254/16"/>
    <property name="jdk.debug" value="release"/>
    <property name="surefire.test.class.path" value="/Users/varundandamudi/vs/gdg/mngdb/job-platform/target/test-classes:/Users/varundandamudi/vs/gdg/mngdb/job-platform/target/classes:/Users/varundandamudi/.m2/repository/org/springframework/boot/spring-boot-starter-data-mongodb/3.5.3/spring-boot-starter-data-mongodb-3.5.3.jar:/Users/varundandamudi/.m2/repository/org/springframework/boot/spring-boot-starter/3.5.3/spring-boot-starter-3.5.3.jar:/Users/varundandamudi/.m2/repository/org/springframework/boot/spring-boot/3.5.3/spring-boot-3.5.3.jar:/Users/varundandamudi/.m2/repository/org/springframework/boot/spring-boot-autoconfigure/3.5.3/spring-boot-autoconfigure-3.5.3.jar:/Users/varundandamudi/.m2/repository/org/springframework/boot/spring-boot-starter-logging/3.5.3/spring-boot-starter-logging-3.5.3.jar:/Users/varundandamudi/.m2/repository/ch/qos/logback/logback-classic/1.5.18/logback-classic-1.5.18.jar:/Users/varundandamudi/.m2/repository/ch/qos/logback/logback-core/1.5.18/logback-core-1.5.18.jar:/Users/varundandamudi/.m2/repository/org/apache/logging/log4j/log4j-to-slf4j/2.24.3/log4j-to-slf4j-2.24.3.jar:/Users/varundandamudi/.m2/repository/org/apache/logging/log4j/log4j-api/2.24.3/log4j-api-2.24.3.jar:/Users/varundandamudi/.m2/repository/org/slf4j/jul-to-slf4j/2.0.17/jul-to-slf4j-2.0.17.jar:/Users/varundandamudi/.m2/repository/jakarta/annotation/jakarta.annotation-api/2.1.1/jakarta.annotation-api-2.1.1.jar:/Users/varundandamudi/.m2/repository/org/yaml/snakeyaml/2.4/snakeyaml-2.4.jar:/Users/varundandamudi/.m2/repository/org/mongodb/mongodb-driver-sync/5.5.1/mongodb-driver-sync-5.5.1.jar:/Users/varundandamudi/.m2/repository/org/mongodb/bson/5.5.1/bson-5.5.1.jar:/Users/varundandamudi/.m2/repository/org/mongodb/mongodb-driver-core/5.5.1/mongodb-driver-core-5.5.1.jar:/Users/varundandamudi/.m2/repository/org/mongodb/bson-record-codec/5.5.1/bson-record-codec-5.5.1.jar:/Users/varundandamudi/.m2/repository/org/springframework/data/spring-data-mongodb/4.5.1/spring-data-mongodb-4.5.1.jar:/Users/varundandamudi/.m2/repository/org/springframework/spring-tx/6.2.8/spring-tx-6.2.8.jar:/Users/varundandamudi/.m2/repository/org/springframework/spring-context/6.2.8/spring-context-6.2.8.jar:/Users/varundandamudi/.m2/repository/org/springframework/spring-beans/6.2.8/spring-beans-6.2.8.jar:/Users/varundandamudi/.m2/repository/org/springframework/spring-expression/6.2.8/spring-expression-6.2.8.jar:/Users/varundandamudi/.m2/repository/org/springframework/data/spring-data-commons/3.5.1/spring-data-commons-3.5.1.jar:/Users/varundandamudi/.m2/repository/org/slf4j/slf4j-api/2.0.17/slf4j-api-2.0.17.jar:/Users/varundandamudi/.m2/repository/org/springframework/boot/spring-boot-starter-web/3.5.3/spring-boot-starter-web-3.5.3.jar:/Users/varundandamudi/.m2/repository/org/springframework/boot/spring-boot-starter-json/3.5.3/spring-boot-starter-json-3.5.3.jar:/Users/varundandamudi/.m2/repository/com/fasterxml/jackson/datatype/jackson-datatype-jdk8/2.19.1/jackson-datatype-jdk8-2.19.1.jar:/Users/varundandamudi/.m2/repository/com/fasterxml/jackson/datatype/jackson-datatype-jsr310/2.19.1/jackson-datatype-jsr310-2.19.1.jar:/Users/varundandamudi/.m2/repository/com/fasterxml/jackson/module/jackson-module-parameter-names/2.19.1/jackson-module-parameter-names-2.19.1.jar:/Users/varundandamudi/.m2/repository/org/springframework/boot/spring-boot-starter-tomcat/3.5.3/spring-boot-starter-tomcat-3.5.3.jar:/Users/varundandamudi/.m2/repository/org/apache/tomcat/embed/tomcat-embed-core/10.1.42/tomcat-embed-core-10.1.42.jar:/Users/varundandamudi/.m2/repository/org/apache/tomcat/embed/tomcat-embed-el/10.1.42/tomcat-embed-el-10.1.42.jar:/Users/varundandamudi/.m2/repository/org/apache/tomcat/embed/tomcat-embed-websocket/10.1.42/tomcat-embed-websocket-10.1.42.jar:/Users/varundandamudi/.m2/repository/org/springframework/spring-web/6.2.8/spring-web-6.2.8.jar:/Users/varundandamudi/.m2/repository/io/micrometer/micrometer-observation/1.15.1/micrometer-observation-1.15.1.jar:/Users/varundandamudi/.m2/repository/io/micrometer/micrometer-commons/1.15.1/micrometer-commons-1.15.1.jar:/Users/varundandamudi/.m2/repository/org/springframework/spring-webmvc/6.2.8/spring-webmvc-6.2.8.jar:/Users/varundandamudi/.m2/repository/org/springframework/boot/spring-boot-starter-security/3.5.3/spring-boot-starter-security-3.5.3.jar:/Users/varundandamudi/.m2/repository/org/springframework/spring-aop/6.2.8/spring-aop-6.2.8.jar:/Users/varundandamudi/.m2/repository/org/springframework/security/spring-security-config/6.5.1/spring-security-config-6.5.1.jar:/Users/varundandamudi/.m2/repository/org/springframework/security/spring-security-core/6.5.1/spring-security-core-6.5.1.jar:/Users/varundandamudi/.m2/repository/org/springframework/security/spring-security-crypto/6.5.1/spring-security-crypto-6.5.1.jar:/Users/varundandamudi/.m2/repository/org/springframework/security/spring-security-web/6.5.1/spring-security-web-6.5.1.jar:/Users/varundandamudi/.m2/repository/org/projectlombok/lombok/1.18.38/lombok-1.18.38.jar:/Users/varundandamudi/.m2/repository/org/springframework/boot/spring-boot-starter-test/3.5.3/spring-boot-starter-test-3.5.3.jar:/Users/varundandamudi/.m2/repository/org/springframework/boot/spring-boot-test/3.5.3/spring-boot-test-3.5.3.jar:/Users/varundandamudi/.m2/repository/org/springframework/boot/spring-boot-test-autoconfigure/3.5.3/spring-boot-test-autoconfigure-3.5.3.jar:/Users/varundandamudi/.m2/repository/com/jayway/jsonpath/json-path/2.9.0/json-path-2.9.0.jar:/Users/varundandamudi/.m2/repository/jakarta/xml/bind/jakarta.xml.bind-api/4.0.2/jakarta.xml.bind-api-4.0.2.jar:/Users/varundandamudi/.m2/repository/jakarta/activation/jakarta.activation-api/2.1.3/jakarta.activation-api-2.1.3.jar:/Users/varundandamudi/.m2/repository/net/minidev/json-smart/2.5.2/json-smart-2.5.2.jar:/Users/varundandamudi/.m2/repository/net/minidev/accessors-smart/2.5.2/accessors-smart-2.5.2.jar:/Users/varundandamudi/.m2/repository/org/ow2/asm/asm/9.7.1/asm-9.7.1.jar:/Users/varundandamudi/.m2/repository/org/assertj/assertj-core/3.27.3/assertj-core-3.27.3.jar:/Users/varundandamudi/.m2/repository/net/bytebuddy/byte-buddy/1.17.6/byte-buddy-1.17.6.jar:/Users/varundandamudi/.m2/repository/org/awaitility/awaitility/4.2.2/awaitility-4.2.2.jar:/Users/varundandamudi/.m2/repository/org/hamcrest/hamcrest/3.0/hamcrest-3.0.jar:/Users/varundandamudi/.m2/repository/org/junit/jupiter/junit-jupiter/5.12.2/junit-jupiter-5.12.2.jar:/Users/varundandamudi/.m2/repository/org/junit/jupiter/junit-jupiter-api/5.12.2/junit-jupiter-api-5.12.2.jar:/Users/varundandamudi/.m2/repository/org/opentest4j/opentest4j/1.3.0/opentest4j-1.3.0.jar:/Users/varundandamudi/.m2/repository/org/junit/platform/junit-platform-commons/1.12.2/junit-platform-commons-1.12.2.jar:/Users/varundandamudi/.m2/repository/org/apiguardian/apiguardian-api/1.1.2/apiguardian-api-1.1.2.jar:/Users/varundandamudi/.m2/repository/org/junit/jupiter/junit-jupiter-params/5.12.2/junit-jupiter-params-5.12.2.jar:/Users/varundandamudi/.m2/repository/org/junit/jupiter/junit-jupiter-engine/5.12.2/junit-jupiter-engine-5.12.2.jar:/Users/varundandamudi/.m2/repository/org/junit/platform/junit-platform-engine/1.12.2/junit-platform-engine-1.12.2.jar:/Users/varundandamudi/.m2/repository/org/mockito/mockito-core/5.17.0/mockito-core-5.17.0.jar:/Users/varundandamudi/.m2/repository/net/bytebuddy/byte-buddy-agent/1.17.6/byte-buddy-agent-1.17.6.jar:/Users/varundandamudi/.m2/repository/org/objenesis/objenesis/3.3/objenesis-3.3.jar:/Users/varundandamudi/.m2/repository/org/mockito/mockito-junit-jupiter/5.17.0/mockito-junit-jupiter-5.17.0.jar:/Users/varundandamudi/.m2/repository/org/skyscreamer/jsonassert/1.5.3/jsonassert-1.5.3.jar:/Users/varundandamudi/.m2/repository/com/vaadin/external/google/android-json/0.0.20131108.vaadin1/android-json-0.0.20131108.vaadin1.jar:/Users/varundandamudi/.m2/repository/org/springframework/spring-core/6.2.8/spring-core-6.2.8.jar:/Users/varundandamudi/.m2/repository/org/springframework/spring-jcl/6.2.8/spring-jcl-6.2.8.jar:/Users/varundandamudi/.m2/repository/org/springframework/spring-test/6.2.8/spring-test-6.2.8.jar:/Users/varundandamudi/.m2/repository/org/xmlunit/xmlunit-core/2.10.2/xmlunit-core-2.10.2.jar:/Users/varundandamudi/.m2/repository/io/jsonwebtoken/jjwt-api/0.11.5/jjwt-api-0.11.5.jar:/Users/varundandamudi/.m2/repository/io/jsonwebtoken/jjwt-impl/0.11.5/jjwt-impl-0.11.5.jar:/Users/varundandamudi/.m2/repository/io/jsonwebtoken/jjwt-jackson/0.11.5/jjwt-jackson-0.11.5.jar:/Users/varundandamudi/.m2/repository/com/fasterxml/jackson/core/jackson-databind/2.19.1/jackson-databind-2.19.1.jar:/Users/varundandamudi/.m2/repository/com/fasterxml/jackson/core/jackson-annotations/2.19.1/jackson-annotations-2.19.1.jar:/Users/varundandamudi/.m2/repository/com/fasterxml/jackson/core/jackson-core/2.19.1/jackson-core-2.19.1.jar:"/>
    <property name="sun.cpu.endian" value="little"/>
    <property name="user.home" value="/Users/varundandamudi"/>
    <property name="user.language" value="en"/>
    <property name="java.specification.vendor" value="Oracle Corporation"/>
    <property name="java.version.date" value="2025-04-15"/>
    <property name="java.home" value="/Library/Java/JavaVirtualMachines/jdk-24.jdk/Contents/Home"/>
    <property name="file.separator" value="/"/>
    <property name="basedir" value="/Users/varundandamudi/vs/gdg/mngdb/job-platform"/>
    <property name="java.vm.compressedOopsMode" value="Zero based"/>
    <property name="line.separator" value="&#10;"/>
    <property name="java.vm.specification.vendor" value="Oracle Corporation"/>
    <property name="java.specification.name" value="Java Platform API Specification"/>
    <property name="FILE_LOG_CHARSET" value="UTF-8"/>
    <property name="java.awt.headless" value="true"/>
    <property name="apple.awt.application.name" value="ForkedBooter"/>
    <property name="surefire.real.class.path" value="/Users/varundandamudi/vs/gdg/mngdb/job-platform/target/surefire/surefirebooter-20250628123124268_3.jar"/>
    <property name="sun.management.compiler" value="HotSpot 64-Bit Tiered Compilers"/>
    <property name="ftp.nonProxyHosts" value="local|*.local|169.254/16|*.169.254/16"/>
    <property name="java.runtime.version" value="24.0.1+9-30"/>
    <property name="user.name" value="varundandamudi"/>
    <property name="stdout.encoding" value="UTF-8"/>
    <property name="path.separator" value=":"/>
    <property name="os.version" value="15.5"/>
    <property name="java.runtime.name" value="Java(TM) SE Runtime Environment"/>
    <property name="file.encoding" value="UTF-8"/>
    <property name="java.vm.name" value="Java HotSpot(TM) 64-Bit Server VM"/>
    <property name="localRepository" value="/Users/varundandamudi/.m2/repository"/>
    <property name="java.vendor.url.bug" value="https://bugreport.java.com/bugreport/"/>
    <property name="java.io.tmpdir" value="/var/folders/lf/49l73m793g9g5259dlmwvtr00000gn/T/"/>
    <property name="java.version" value="24.0.1"/>
    <property name="user.dir" value="/Users/varundandamudi/vs/gdg/mngdb/job-platform"/>
    <property name="os.arch" value="aarch64"/>
    <property name="java.vm.specification.name" value="Java Virtual Machine Specification"/>
    <property name="PID" value="28234"/>
    <property name="CONSOLE_LOG_CHARSET" value="UTF-8"/>
    <property name="native.encoding" value="UTF-8"/>
    <property name="java.library.path" value="/Users/varundandamudi/Library/Java/Extensions:/Library/Java/Extensions:/Network/Library/Java/Extensions:/System/Library/Java/Extensions:/usr/lib/java:."/>
    <property name="java.vm.info" value="mixed mode, sharing"/>
    <property name="stderr.encoding" value="UTF-8"/>
    <property name="java.vendor" value="Oracle Corporation"/>
    <property name="java.vm.version" value="24.0.1+9-30"/>
    <property name="sun.io.unicode.encoding" value="UnicodeBig"/>
    <property name="socksNonProxyHosts" value="local|*.local|169.254/16|*.169.254/16"/>
    <property name="java.class.version" value="68.0"/>
    <property name="LOGGED_APPLICATION_NAME" value="[job-platform] "/>
  </properties>
  <testcase name="contextLoads" classname="com.example.job_platform.JobPlatformApplicationTests" time="0.355">
    <system-out><![CDATA[12:31:24.615 [main] INFO org.springframework.test.context.support.AnnotationConfigContextLoaderUtils -- Could not detect default configuration classes for test class [com.example.job_platform.JobPlatformApplicationTests]: JobPlatformApplicationTests does not declare any static, non-private, non-final, nested classes annotated with @Configuration.
12:31:24.668 [main] INFO org.springframework.boot.test.context.SpringBootTestContextBootstrapper -- Found @SpringBootConfiguration com.example.job_platform.JobPlatformAuthApplication for test class com.example.job_platform.JobPlatformApplicationTests

  .   ____          _            __ _ _
 /\\ / ___'_ __ _ _(_)_ __  __ _ \ \ \ \
( ( )\___ | '_ | '_| | '_ \/ _` | \ \ \ \
 \\/  ___)| |_)| | | | | || (_| |  ) ) ) )
  '  |____| .__|_| |_|_| |_\__, | / / / /
 =========|_|==============|___/=/_/_/_/

 :: Spring Boot ::                (v3.5.3)

2025-06-28T12:31:24.836+05:30  INFO 28234 --- [job-platform] [           main] c.e.j.JobPlatformApplicationTests        : Starting JobPlatformApplicationTests using Java 24.0.1 with PID 28234 (started by varundandamudi in /Users/varundandamudi/vs/gdg/mngdb/job-platform)
2025-06-28T12:31:24.837+05:30  INFO 28234 --- [job-platform] [           main] c.e.j.JobPlatformApplicationTests        : No active profile set, falling back to 1 default profile: "default"
2025-06-28T12:31:25.004+05:30  INFO 28234 --- [job-platform] [           main] .s.d.r.c.RepositoryConfigurationDelegate : Bootstrapping Spring Data MongoDB repositories in DEFAULT mode.
2025-06-28T12:31:25.020+05:30  INFO 28234 --- [job-platform] [           main] .s.d.r.c.RepositoryConfigurationDelegate : Finished Spring Data repository scanning in 13 ms. Found 2 MongoDB repository interfaces.
2025-06-28T12:31:25.336+05:30  INFO 28234 --- [job-platform] [           main] org.mongodb.driver.client                : MongoClient with metadata {"application": {"name": "Cluster0"}, "driver": {"name": "mongo-java-driver|sync|spring-boot", "version": "5.5.1"}, "os": {"type": "Darwin", "name": "Mac OS X", "architecture": "aarch64", "version": "15.5"}, "platform": "Java/Oracle Corporation/24.0.1+9-30"} created with settings MongoClientSettings{readPreference=primary, writeConcern=WriteConcern{w=majority, wTimeout=null ms, journal=null}, retryWrites=true, retryReads=true, readConcern=ReadConcern{level=null}, credential=MongoCredential{mechanism=null, userName='varunsnap6', source='admin', password=<hidden>, mechanismProperties=<hidden>}, transportSettings=null, commandListeners=[], codecRegistry=ProvidersCodecRegistry{codecProviders=[ValueCodecProvider{}, BsonValueCodecProvider{}, DBRefCodecProvider{}, DBObjectCodecProvider{}, DocumentCodecProvider{}, CollectionCodecProvider{}, IterableCodecProvider{}, MapCodecProvider{}, GeoJsonCodecProvider{}, GridFSFileCodecProvider{}, Jsr310CodecProvider{}, JsonObjectCodecProvider{}, BsonCodecProvider{}, EnumCodecProvider{}, com.mongodb.client.model.mql.ExpressionCodecProvider@6ea246af, com.mongodb.Jep395RecordCodecProvider@2e4389ed, com.mongodb.KotlinCodecProvider@1b90fee4]}, loggerSettings=LoggerSettings{maxDocumentLength=1000}, clusterSettings={hosts=[127.0.0.1:27017], srvHost=cluster0.xmjaluc.mongodb.net, srvServiceName=mongodb, mode=MULTIPLE, requiredClusterType=REPLICA_SET, requiredReplicaSetName='atlas-24lnw2-shard-0', serverSelector='null', clusterListeners='[]', serverSelectionTimeout='30000 ms', localThreshold='15 ms'}, socketSettings=SocketSettings{connectTimeoutMS=10000, readTimeoutMS=0, receiveBufferSize=0, proxySettings=ProxySettings{host=null, port=null, username=null, password=null}}, heartbeatSocketSettings=SocketSettings{connectTimeoutMS=10000, readTimeoutMS=10000, receiveBufferSize=0, proxySettings=ProxySettings{host=null, port=null, username=null, password=null}}, connectionPoolSettings=ConnectionPoolSettings{maxSize=100, minSize=0, maxWaitTimeMS=120000, maxConnectionLifeTimeMS=0, maxConnectionIdleTimeMS=0, maintenanceInitialDelayMS=0, maintenanceFrequencyMS=60000, connectionPoolListeners=[], maxConnecting=2}, serverSettings=ServerSettings{heartbeatFrequencyMS=10000, minHeartbeatFrequencyMS=500, serverMonitoringMode=AUTO, serverListeners='[]', serverMonitorListeners='[]'}, sslSettings=SslSettings{enabled=true, invalidHostNameAllowed=false, context=null}, applicationName='Cluster0', compressorList=[], uuidRepresentation=JAVA_LEGACY, serverApi=null, autoEncryptionSettings=null, dnsClient=null, inetAddressResolver=null, contextProvider=null, timeoutMS=null}
2025-06-28T12:31:25.559+05:30  WARN 28234 --- [job-platform] [           main] .s.s.UserDetailsServiceAutoConfiguration : 

Using generated security password: 583ec48a-72e4-4049-a01b-567006762dc4

This generated password is for development use only. Your security configuration must be updated before running your application in production.

2025-06-28T12:31:25.561+05:30  INFO 28234 --- [job-platform] [           main] r$InitializeUserDetailsManagerConfigurer : Global AuthenticationManager configured with UserDetailsService bean with name inMemoryUserDetailsManager
2025-06-28T12:31:25.578+05:30  INFO 28234 --- [job-platform] [luc.mongodb.net] org.mongodb.driver.cluster               : Adding discovered server ac-leybkvh-shard-00-00.xmjaluc.mongodb.net:27017 to client view of cluster
2025-06-28T12:31:25.590+05:30  INFO 28234 --- [job-platform] [luc.mongodb.net] org.mongodb.driver.cluster               : Adding discovered server ac-leybkvh-shard-00-02.xmjaluc.mongodb.net:27017 to client view of cluster
2025-06-28T12:31:25.591+05:30  INFO 28234 --- [job-platform] [luc.mongodb.net] org.mongodb.driver.cluster               : Adding discovered server ac-leybkvh-shard-00-01.xmjaluc.mongodb.net:27017 to client view of cluster
2025-06-28T12:31:25.680+05:30  INFO 28234 --- [job-platform] [           main] c.e.j.JobPlatformApplicationTests        : Started JobPlatformApplicationTests in 0.946 seconds (process running for 1.341)
]]></system-out>
    <system-err><![CDATA[Mockito is currently self-attaching to enable the inline-mock-maker. This will no longer work in future releases of the JDK. Please add Mockito as an agent to your build as described in Mockito's documentation: https://javadoc.io/doc/org.mockito/mockito-core/latest/org.mockito/org/mockito/Mockito.html#0.3
WARNING: A Java agent has been loaded dynamically (/Users/varundandamudi/.m2/repository/net/bytebuddy/byte-buddy-agent/1.17.6/byte-buddy-agent-1.17.6.jar)
WARNING: If a serviceability tool is in use, please run with -XX:+EnableDynamicAgentLoading to hide this warning
WARNING: If a serviceability tool is not in use, please run with -Djdk.instrument.traceUsage for more information
WARNING: Dynamic loading of agents will be disallowed by default in a future release
]]></system-err>
  </testcase>
</testsuite>